<?xml version="1.0" encoding="UTF-8"?>
<!-- Generated by org.testng.reporters.JUnitXMLReporter -->
<testsuite ignored="2" hostname="DESKTOP-KQQB62G" failures="0" tests="1" name="Default test" time="6.502" errors="0" timestamp="2025-05-11T16:30:14 AST">
  <testcase classname="databaseTesting.databaseTesting.AppTest" name="ReadInToDatabase" time="0.802"/>
  <testcase classname="databaseTesting.databaseTesting.AppTest" name="createCustomer" time="0.0">
    <ignored/>
  </testcase> <!-- createCustomer -->
  <testcase classname="databaseTesting.databaseTesting.AppTest" name="UpdateCustomer" time="0.0">
    <ignored/>
  </testcase> <!-- UpdateCustomer -->
</testsuite> <!-- Default test -->
