<?xml version="1.0" encoding="UTF-8"?>
<testng-results ignored="2" total="3" passed="1" failed="0" skipped="0">
  <reporter-output>
  </reporter-output>
  <suite started-at="2025-05-11T16:30:08 AST" name="Default suite" finished-at="2025-05-11T16:30:14 AST" duration-ms="6502">
    <groups>
    </groups>
    <test started-at="2025-05-11T16:30:08 AST" name="Default test" finished-at="2025-05-11T16:30:14 AST" duration-ms="6502">
      <class name="databaseTesting.databaseTesting.AppTest">
        <test-method is-config="true" signature="mySetup()[pri:0, instance:databaseTesting.databaseTesting.AppTest@65fe9e33]" started-at="2025-05-11T16:30:08 AST" name="mySetup" finished-at="2025-05-11T16:30:13 AST" duration-ms="5621" status="PASS">
          <reporter-output>
          </reporter-output>
        </test-method> <!-- mySetup -->
        <test-method signature="ReadInToDatabase()[pri:3, instance:databaseTesting.databaseTesting.AppTest@65fe9e33]" started-at="2025-05-11T16:30:13 AST" name="ReadInToDatabase" finished-at="2025-05-11T16:30:14 AST" duration-ms="802" status="PASS">
          <reporter-output>
          </reporter-output>
        </test-method> <!-- ReadInToDatabase -->
      </class> <!-- databaseTesting.databaseTesting.AppTest -->
    </test> <!-- Default test -->
  </suite> <!-- Default suite -->
</testng-results>
